#
# A fatal error has been detected by the Java Runtime Environment:
#
#  Internal Error (classFileParser.cpp:3494), pid=13820, tid=7520
#  Error: ShouldNotReachHere()
#
# JRE version: 6.0_26-b03
# Java VM: Java HotSpot(TM) 64-Bit Server VM (20.1-b02 mixed mode windows-amd64 compressed oops)
# If you would like to submit a bug report, please visit:
#   http://java.sun.com/webapps/bugreport/crash.jsp
#

---------------  T H R E A D  ---------------

Current thread (0x000000000052b800):  JavaThread "Unknown thread" [_thread_in_vm, id=7520, stack(0x0000000002720000,0x0000000002820000)]

Stack: [0x0000000002720000,0x0000000002820000]
[error occurred during error reporting (printing stack bounds), id 0xc0000005]


---------------  P R O C E S S  ---------------

Java Threads: ( => current thread )

Other Threads:

=>0x000000000052b800 (exited) JavaThread "Unknown thread" [_thread_in_vm, id=7520, stack(0x0000000002720000,0x0000000002820000)]

VM state:not at safepoint (not fully initialized)

VM Mutex/Monitor currently owned by a thread: None

Dynamic libraries:
0x0000000000400000 - 0x000000000042e000 	C:\Program Files\Java\jre6\bin\javaw.exe
0x00000000772e0000 - 0x000000007748a000 	C:\WINDOWS\SYSTEM32\ntdll.dll
0x00000000770c0000 - 0x00000000771df000 	C:\WINDOWS\system32\kernel32.dll
0x000007fefd810000 - 0x000007fefd87c000 	C:\WINDOWS\system32\KERNELBASE.dll
0x0000000074ad0000 - 0x0000000074b58000 	C:\WINDOWS\System32\SYSFER.DLL
0x000007fefe550000 - 0x000007fefe62b000 	C:\WINDOWS\system32\ADVAPI32.dll
0x000007fefde10000 - 0x000007fefdeaf000 	C:\WINDOWS\system32\msvcrt.dll
0x000007fefdb10000 - 0x000007fefdb2f000 	C:\WINDOWS\SYSTEM32\sechost.dll
0x000007fefe050000 - 0x000007fefe17d000 	C:\WINDOWS\system32\RPCRT4.dll
0x00000000771e0000 - 0x00000000772da000 	C:\WINDOWS\system32\USER32.dll
0x000007feff4e0000 - 0x000007feff547000 	C:\WINDOWS\system32\GDI32.dll
0x000007fefe630000 - 0x000007fefe63e000 	C:\WINDOWS\system32\LPK.dll
0x000007fefdeb0000 - 0x000007fefdf79000 	C:\WINDOWS\system32\USP10.dll
0x000007fefe3c0000 - 0x000007fefe3ee000 	C:\WINDOWS\system32\IMM32.DLL
0x000007feff3d0000 - 0x000007feff4d9000 	C:\WINDOWS\system32\MSCTF.dll
0x000000006d7f0000 - 0x000000006dfa8000 	C:\Program Files\Java\jre6\bin\server\jvm.dll
0x000007fefb880000 - 0x000007fefb8bb000 	C:\WINDOWS\system32\WINMM.dll
0x000000006d760000 - 0x000000006d76e000 	C:\Program Files\Java\jre6\bin\verify.dll
0x000000006d3b0000 - 0x000000006d3d7000 	C:\Program Files\Java\jre6\bin\java.dll
0x00000000774b0000 - 0x00000000774b7000 	C:\WINDOWS\system32\PSAPI.DLL
0x000000006d7b0000 - 0x000000006d7c2000 	C:\Program Files\Java\jre6\bin\zip.dll

VM Arguments:
jvm_args: -Dfile.encoding=Cp1252 -Xbootclasspath:C:\adt-bundle-windows-x86_64-20140702\adt-bundle-windows-x86_64-20140702\sdk\platforms\android-19\android.jar 
java_command: indwin.c3.liftapp.FirstActivity
Launcher Type: SUN_STANDARD

Environment Variables:
PATH=C:\Ruby21-x64\bin;C:\PERL51001\Perl\site\bin;C:\PERL51001\Perl\bin;C:\Program Files (x86)\RSA SecurID Token Common;C:\Program Files (x86)\Intel\iCLS Client\;C:\Program Files\Intel\iCLS Client\;C:\WINDOWS\system32;C:\WINDOWS;C:\WINDOWS\System32\Wbem;C:\Program Files (x86)\Microsoft Application Virtualization Client;C:\Program Files\Intel\Intel(R) Management Engine Components\DAL;C:\Program Files\Intel\Intel(R) Management Engine Components\IPT;C:\Program Files (x86)\Intel\Intel(R) Management Engine Components\DAL;C:\Program Files (x86)\Intel\Intel(R) Management Engine Components\IPT;C:\Program Files\Common Files\Hitachi ID\;C:\Program Files (x86)\java\jre6\bin\;C:\Perl64\bin;C:\Program Files (x86)\Perforce;C:\Program Files (x86)\IBM\RationalSDLC\ClearCase\bin;C:\Program Files (x86)\IBM\RationalSDLC\common;C:\Program Files (x86)\Intel\OpenCL SDK\2.0\bin\x86;C:\Program Files (x86)\Intel\OpenCL SDK\2.0\bin\x64;C:\WINDOWS\System32\WindowsPowerShell\v1.0\;C:\WINDOWS\System32\WindowsPowerShell\v1.0\
USERNAME=demalhotra
OS=Windows_NT
PROCESSOR_IDENTIFIER=Intel64 Family 6 Model 58 Stepping 9, GenuineIntel



---------------  S Y S T E M  ---------------

OS: Windows 7 Build 7601 Service Pack 1

CPU:total 8 (4 cores per cpu, 2 threads per core) family 6 model 58 stepping 9, cmov, cx8, fxsr, mmx, sse, sse2, sse3, ssse3, sse4.1, sse4.2, popcnt, ht

Memory: 4k page, physical 16647500k(3594076k free), swap 33293144k(17328576k free)

vm_info: Java HotSpot(TM) 64-Bit Server VM (20.1-b02) for windows-amd64 JRE (1.6.0_26-b03), built on May  4 2011 07:15:24 by "java_re" with MS VC++ 8.0 (VS2005)

time: Sun Oct 26 19:37:25 2014
elapsed time: 0 seconds

